[13:56:59] This is prokka 1.14.6
[13:56:59] Written by Torsten Seemann <torsten.seemann@gmail.com>
[13:56:59] Homepage is https://github.com/tseemann/prokka
[13:56:59] Local time is Wed Jun 28 13:56:59 2023
[13:56:59] You are zhuosl
[13:56:59] Operating system is linux
[13:56:59] You have BioPerl 1.7.8
[13:56:59] System has 32 cores.
[13:56:59] Will use maximum of 8 cores.
[13:56:59] Annotating as >>> Bacteria <<<
[13:56:59] Re-using existing --outdir /home/zhuosl/VPML/Genome_annotation/prokka_GCF_000154045.1_ASM15404v1
[13:56:59] Using filename prefix: GCF_000154045.1_ASM15404v1.XXX
[13:56:59] Setting HMMER_NCPU=1
[13:56:59] Writing log to: /home/zhuosl/VPML/Genome_annotation/prokka_GCF_000154045.1_ASM15404v1/GCF_000154045.1_ASM15404v1.log
[13:56:59] Command: /home/zhuosl/VPML/Genome/.snakemake/conda/31891b6d05ffb6511b41cad891560a62_/bin/prokka --kingdom Bacteria --outdir /home/zhuosl/VPML/Genome_annotation/prokka_GCF_000154045.1_ASM15404v1 --prefix GCF_000154045.1_ASM15404v1 --locustag GCF_000154045.1_ASM15404v1 --force /home/zhuosl/VPML/Genome/genome/GCF_000154045.1_ASM15404v1_genomic.fna
[13:56:59] Appending to PATH: /home/zhuosl/VPML/Genome/.snakemake/conda/31891b6d05ffb6511b41cad891560a62_/bin
[13:56:59] Looking for 'aragorn' - found /home/zhuosl/VPML/Genome/.snakemake/conda/31891b6d05ffb6511b41cad891560a62_/bin/aragorn
[13:56:59] Determined aragorn version is 001002 from 'ARAGORN v1.2.41 Dean Laslett'
[13:56:59] Looking for 'barrnap' - found /home/zhuosl/VPML/Genome/.snakemake/conda/31891b6d05ffb6511b41cad891560a62_/bin/barrnap
[13:56:59] Determined barrnap version is 000009 from 'barrnap 0.9'
[13:56:59] Looking for 'blastp' - found /home/zhuosl/VPML/Genome/.snakemake/conda/31891b6d05ffb6511b41cad891560a62_/bin/blastp
[13:56:59] Determined blastp version is 002014 from 'blastp: 2.14.0+'
[13:56:59] Looking for 'cmpress' - found /home/zhuosl/VPML/Genome/.snakemake/conda/31891b6d05ffb6511b41cad891560a62_/bin/cmpress
[13:56:59] Determined cmpress version is 001001 from '# INFERNAL 1.1.4 (Dec 2020)'
[13:56:59] Looking for 'cmscan' - found /home/zhuosl/VPML/Genome/.snakemake/conda/31891b6d05ffb6511b41cad891560a62_/bin/cmscan
[13:56:59] Determined cmscan version is 001001 from '# INFERNAL 1.1.4 (Dec 2020)'
[13:56:59] Looking for 'egrep' - found /usr/bin/egrep
[13:56:59] Looking for 'find' - found /usr/bin/find
[13:56:59] Looking for 'grep' - found /usr/bin/grep
[13:56:59] Looking for 'hmmpress' - found /home/zhuosl/VPML/Genome/.snakemake/conda/31891b6d05ffb6511b41cad891560a62_/bin/hmmpress
[13:56:59] Determined hmmpress version is 003003 from '# HMMER 3.3.2 (Nov 2020); http://hmmer.org/'
[13:56:59] Looking for 'hmmscan' - found /home/zhuosl/VPML/Genome/.snakemake/conda/31891b6d05ffb6511b41cad891560a62_/bin/hmmscan
[13:56:59] Determined hmmscan version is 003003 from '# HMMER 3.3.2 (Nov 2020); http://hmmer.org/'
[13:56:59] Looking for 'java' - found /home/zhuosl/VPML/Genome/.snakemake/conda/31891b6d05ffb6511b41cad891560a62_/bin/java
[13:56:59] Looking for 'makeblastdb' - found /home/zhuosl/VPML/Genome/.snakemake/conda/31891b6d05ffb6511b41cad891560a62_/bin/makeblastdb
[13:56:59] Determined makeblastdb version is 002014 from 'makeblastdb: 2.14.0+'
[13:56:59] Looking for 'minced' - found /home/zhuosl/VPML/Genome/.snakemake/conda/31891b6d05ffb6511b41cad891560a62_/bin/minced
[13:56:59] Determined minced version is 004002 from 'minced 0.4.2'
[13:56:59] Looking for 'parallel' - found /home/zhuosl/VPML/Genome/.snakemake/conda/31891b6d05ffb6511b41cad891560a62_/bin/parallel
[13:57:00] Determined parallel version is 20230522 from 'GNU parallel 20230522'
[13:57:00] Looking for 'prodigal' - found /home/zhuosl/VPML/Genome/.snakemake/conda/31891b6d05ffb6511b41cad891560a62_/bin/prodigal
[13:57:00] Determined prodigal version is 002006 from 'Prodigal V2.6.3: February, 2016'
[13:57:00] Looking for 'prokka-genbank_to_fasta_db' - found /home/zhuosl/VPML/Genome/.snakemake/conda/31891b6d05ffb6511b41cad891560a62_/bin/prokka-genbank_to_fasta_db
[13:57:00] Looking for 'sed' - found /usr/bin/sed
[13:57:00] Looking for 'tbl2asn' - found /home/zhuosl/VPML/Genome/.snakemake/conda/31891b6d05ffb6511b41cad891560a62_/bin/tbl2asn
