[10:12:33] This is prokka 1.14.6
[10:12:33] Written by Torsten Seemann <torsten.seemann@gmail.com>
[10:12:33] Homepage is https://github.com/tseemann/prokka
[10:12:33] Local time is Wed Jun 28 10:12:33 2023
[10:12:33] You are zhuosl
[10:12:33] Operating system is linux
[10:12:33] You have BioPerl 1.7.8
[10:12:33] System has 32 cores.
[10:12:33] Will use maximum of 8 cores.
[10:12:33] Annotating as >>> Bacteria <<<
[10:12:33] Re-using existing --outdir /home/zhuosl/VPML/Genome_annotation/prokka_GCF_000182345.1_ASM18234v1
[10:12:33] Using filename prefix: GCF_000182345.1_ASM18234v1.XXX
[10:12:33] Setting HMMER_NCPU=1
[10:12:33] Writing log to: /home/zhuosl/VPML/Genome_annotation/prokka_GCF_000182345.1_ASM18234v1/GCF_000182345.1_ASM18234v1.log
[10:12:33] Command: /home/zhuosl/VPML/Genome/.snakemake/conda/31891b6d05ffb6511b41cad891560a62_/bin/prokka --kingdom Bacteria --outdir /home/zhuosl/VPML/Genome_annotation/prokka_GCF_000182345.1_ASM18234v1 --prefix GCF_000182345.1_ASM18234v1 --locustag GCF_000182345.1_ASM18234v1 --force /home/zhuosl/VPML/Genome/genome_dummy/GCF_000182345.1_ASM18234v1_genomic.fna
[10:12:33] Appending to PATH: /home/zhuosl/VPML/Genome/.snakemake/conda/31891b6d05ffb6511b41cad891560a62_/bin
[10:12:33] Looking for 'aragorn' - found /home/zhuosl/VPML/Genome/.snakemake/conda/31891b6d05ffb6511b41cad891560a62_/bin/aragorn
[10:12:33] Determined aragorn version is 001002 from 'ARAGORN v1.2.41 Dean Laslett'
[10:12:33] Looking for 'barrnap' - found /home/zhuosl/VPML/Genome/.snakemake/conda/31891b6d05ffb6511b41cad891560a62_/bin/barrnap
[10:12:33] Determined barrnap version is 000009 from 'barrnap 0.9'
[10:12:33] Looking for 'blastp' - found /home/zhuosl/VPML/Genome/.snakemake/conda/31891b6d05ffb6511b41cad891560a62_/bin/blastp
[10:12:33] Determined blastp version is 002014 from 'blastp: 2.14.0+'
[10:12:33] Looking for 'cmpress' - found /home/zhuosl/VPML/Genome/.snakemake/conda/31891b6d05ffb6511b41cad891560a62_/bin/cmpress
[10:12:33] Determined cmpress version is 001001 from '# INFERNAL 1.1.4 (Dec 2020)'
[10:12:33] Looking for 'cmscan' - found /home/zhuosl/VPML/Genome/.snakemake/conda/31891b6d05ffb6511b41cad891560a62_/bin/cmscan
[10:12:33] Determined cmscan version is 001001 from '# INFERNAL 1.1.4 (Dec 2020)'
[10:12:33] Looking for 'egrep' - found /usr/bin/egrep
[10:12:33] Looking for 'find' - found /usr/bin/find
[10:12:33] Looking for 'grep' - found /usr/bin/grep
[10:12:33] Looking for 'hmmpress' - found /home/zhuosl/VPML/Genome/.snakemake/conda/31891b6d05ffb6511b41cad891560a62_/bin/hmmpress
[10:12:33] Determined hmmpress version is 003003 from '# HMMER 3.3.2 (Nov 2020); http://hmmer.org/'
[10:12:33] Looking for 'hmmscan' - found /home/zhuosl/VPML/Genome/.snakemake/conda/31891b6d05ffb6511b41cad891560a62_/bin/hmmscan
[10:12:33] Determined hmmscan version is 003003 from '# HMMER 3.3.2 (Nov 2020); http://hmmer.org/'
[10:12:33] Looking for 'java' - found /home/zhuosl/VPML/Genome/.snakemake/conda/31891b6d05ffb6511b41cad891560a62_/bin/java
[10:12:33] Looking for 'makeblastdb' - found /home/zhuosl/VPML/Genome/.snakemake/conda/31891b6d05ffb6511b41cad891560a62_/bin/makeblastdb
[10:12:33] Determined makeblastdb version is 002014 from 'makeblastdb: 2.14.0+'
[10:12:33] Looking for 'minced' - found /home/zhuosl/VPML/Genome/.snakemake/conda/31891b6d05ffb6511b41cad891560a62_/bin/minced
[10:12:33] Determined minced version is 004002 from 'minced 0.4.2'
[10:12:33] Looking for 'parallel' - found /home/zhuosl/VPML/Genome/.snakemake/conda/31891b6d05ffb6511b41cad891560a62_/bin/parallel
[10:12:33] Determined parallel version is 20230522 from 'GNU parallel 20230522'
[10:12:33] Looking for 'prodigal' - found /home/zhuosl/VPML/Genome/.snakemake/conda/31891b6d05ffb6511b41cad891560a62_/bin/prodigal
[10:12:33] Determined prodigal version is 002006 from 'Prodigal V2.6.3: February, 2016'
[10:12:33] Looking for 'prokka-genbank_to_fasta_db' - found /home/zhuosl/VPML/Genome/.snakemake/conda/31891b6d05ffb6511b41cad891560a62_/bin/prokka-genbank_to_fasta_db
[10:12:33] Looking for 'sed' - found /usr/bin/sed
[10:12:33] Looking for 'tbl2asn' - found /home/zhuosl/VPML/Genome/.snakemake/conda/31891b6d05ffb6511b41cad891560a62_/bin/tbl2asn
[10:12:33] Determined tbl2asn version is 025007 from 'tbl2asn 25.7   arguments:'
[10:12:33] Using genetic code table 11.
[10:12:33] Loading and checking input file: /home/zhuosl/VPML/Genome/genome_dummy/GCF_000182345.1_ASM18234v1_genomic.fna
[10:12:34] Wrote 149 contigs totalling 5037488 bp.
[10:12:34] Predicting tRNAs and tmRNAs
[10:12:34] Running: aragorn -l -gc11  -w \/home\/zhuosl\/VPML\/Genome_annotation\/prokka_GCF_000182345\.1_ASM18234v1\/GCF_000182345\.1_ASM18234v1\.fna
[10:12:34] 1 tRNA-Ser [17296,17383] 35 (gga)
[10:12:34] 1 tRNA-Glu [67,142] 35 (ttc)
[10:12:34] 2 tRNA-Asp [3536,3612] 35 (gtc)
[10:12:34] 3 tRNA-Trp [3648,3724] 35 (cca)
[10:12:34] 4 tmRNA c[96788,97155] 92,124 ANDENYALAA*
[10:12:34] 1 tRNA-Asp c[2041,2117] 35 (gtc)
[10:12:34] 2 tRNA-Thr c[2323,2398] 34 (ggt)
[10:12:34] 3 tRNA-Ala c[5861,5936] 34 (tgc)
[10:12:34] 4 tRNA-Ile c[5978,6054] 35 (gat)
[10:12:34] 1 tRNA-Arg [22670,22746] 35 (cct)
[10:12:34] 1 tRNA-Leu [2827,2910] 35 (gag)
[10:12:34] 2 tRNA-Met [2967,3043] 35 (cat)
[10:12:34] 1 tRNA-Val c[562,637] 34 (tac)
[10:12:34] 2 tRNA-Ala c[652,727] 34 (tgc)
[10:12:34] 3 tRNA-Lys c[760,835] 34 (ttt)
[10:12:34] 4 tRNA-Glu c[838,913] 35 (ttc)
[10:12:34] 1 tRNA-Asp c[35239,35315] 35 (gtc)
[10:12:34] 1 tRNA-Asp c[33365,33441] 35 (gtc)
[10:12:34] 2 tRNA-Val c[36889,36964] 34 (tac)
[10:12:34] 3 tRNA-Lys c[36995,37070] 34 (ttt)
[10:12:34] 4 tRNA-Glu c[37073,37148] 35 (ttc)
[10:12:34] 1 tRNA-Arg c[19813,19889] 35 (acg)
[10:12:34] 2 tRNA-Arg c[19947,20023] 35 (acg)
[10:12:34] 3 tRNA-Arg c[20081,20157] 35 (acg)
[10:12:34] 4 tRNA-Arg c[20215,20291] 35 (acg)
[10:12:34] 5 tRNA-Arg c[20349,20425] 35 (acg)
[10:12:34] 6 tRNA-Arg c[20483,20559] 35 (acg)
[10:12:34] 7 tRNA-Arg c[20616,20692] 35 (acg)
[10:12:34] 8 tRNA-Ser c[20778,20869] 35 (gct)
[10:12:34] 9 tRNA-Arg c[20899,20975] 35 (acg)
[10:12:35] 1 tRNA-Val [79201,79277] 35 (gac)
[10:12:35] 2 tRNA-Val [79310,79386] 35 (gac)
[10:12:35] 1 tRNA-Thr [59875,59961] 34 (ggt)
[10:12:35] 2 tRNA-Met c[79576,79651] 34 (cat)
[10:12:35] 1 tRNA-Cys c[31999,32072] 33 (gca)
[10:12:35] 2 tRNA-Leu c[32145,32231] 35 (taa)
[10:12:35] 3 tRNA-Cys c[44482,44555] 33 (gca)
[10:12:35] 4 tRNA-Leu c[44629,44715] 35 (taa)
[10:12:35] 5 tRNA-Gly c[52884,52959] 34 (gcc)
[10:12:35] 6 tRNA-Cys c[52963,53036] 33 (gca)
[10:12:35] 1 tRNA-Leu c[25145,25228] 35 (gag)
[10:12:35] 1 tRNA-Ala [17,92] 34 (tgc)
[10:12:35] 2 tRNA-Val [106,181] 34 (tac)
[10:12:35] 3 tRNA-Ser [3625,3715] 35 (tga)
[10:12:35] 1 tRNA-Ser [16296,16386] 35 (tga)
[10:12:35] 1 tRNA-Arg c[35736,35812] 35 (tct)
[10:12:35] 1 tRNA-Ile [840,916] 35 (gat)
[10:12:35] 2 tRNA-Ala [958,1033] 34 (tgc)
[10:12:35] 3 tRNA-Ser [4464,4554] 35 (tga)
[10:12:35] 1 tRNA-Leu c[8726,8810] 35 (caa)
[10:12:35] 1 tRNA-Pro c[144865,144941] 35 (tgg)
[10:12:35] 2 tRNA-His c[144966,145041] 34 (gtg)
[10:12:35] 3 tRNA-Pro c[145091,145167] 35 (tgg)
[10:12:35] 4 tRNA-His c[145240,145315] 34 (gtg)
[10:12:35] 5 tRNA-Arg c[145348,145424] 35 (ccg)
[10:12:35] 6 tRNA-Val c[159906,159981] 34 (tac)
[10:12:35] 7 tRNA-Lys c[160012,160087] 34 (ttt)
[10:12:35] 8 tRNA-Glu c[160090,160165] 35 (ttc)
[10:12:35] 1 tRNA-Asp [674,750] 35 (gtc)
[10:12:35] 2 tRNA-Trp [819,895] 35 (cca)
[10:12:35] 1 tRNA-Asp [1315,1391] 35 (gtc)
[10:12:35] 2 tRNA-Thr [6975,7050] 34 (tgt)
[10:12:35] 3 tRNA-Tyr [7087,7171] 35 (gta)
[10:12:35] 1 tRNA-Ile c[190109,190189] 32 (gat)
[10:12:35] 1 tRNA-Gly [20946,21020] 34 (tcc)
[10:12:35] Found 65 tRNAs
[10:12:35] Predicting Ribosomal RNAs
[10:12:35] Running Barrnap with 8 threads
[10:12:42] 1 NZ_ACFM01000010.1 34992 16S ribosomal RNA
[10:12:42] 2 NZ_ACFM01000013.1 1 23S ribosomal RNA (partial)
[10:12:42] 3 NZ_ACFM01000013.1 1171 5S ribosomal RNA
[10:12:42] 4 NZ_ACFM01000018.1 530 5S ribosomal RNA
[10:12:42] 5 NZ_ACFM01000020.1 156492 5S ribosomal RNA
[10:12:42] 6 NZ_ACFM01000020.1 156697 23S ribosomal RNA
[10:12:42] 7 NZ_ACFM01000020.1 160256 16S ribosomal RNA
[10:12:42] 8 NZ_ACFM01000028.1 1 16S ribosomal RNA (partial)
[10:12:42] 9 NZ_ACFM01000028.1 1300 23S ribosomal RNA
[10:12:42] 10 NZ_ACFM01000028.1 4281 5S ribosomal RNA
[10:12:42] 11 NZ_ACFM01000044.1 460 23S ribosomal RNA
[10:12:42] 12 NZ_ACFM01000044.1 3442 5S ribosomal RNA
[10:12:42] 13 NZ_ACFM01000080.1 33475 5S ribosomal RNA
[10:12:42] 14 NZ_ACFM01000080.1 33680 23S ribosomal RNA
[10:12:42] 15 NZ_ACFM01000080.1 37239 16S ribosomal RNA
[10:12:42] 16 NZ_ACFM01000082.1 35349 5S ribosomal RNA
[10:12:42] 17 NZ_ACFM01000082.1 35554 23S ribosomal RNA (partial)
[10:12:42] 18 NZ_ACFM01000108.1 1 16S ribosomal RNA (partial)
[10:12:42] 19 NZ_ACFM01000120.1 2 16S ribosomal RNA (partial)
[10:12:42] 20 NZ_ACFM01000120.1 965 5S ribosomal RNA
[10:12:42] 21 NZ_ACFM01000129.1 2154 5S ribosomal RNA
[10:12:42] 22 NZ_ACFM01000129.1 2502 5S ribosomal RNA
[10:12:42] 23 NZ_ACFM01000129.1 2707 23S ribosomal RNA
[10:12:42] 24 NZ_ACFM01000129.1 6121 16S ribosomal RNA (partial)
[10:12:42] 25 NZ_ACFM01000136.1 2 16S ribosomal RNA (partial)
[10:12:42] 26 NZ_ACFM01000140.1 410 23S ribosomal RNA
[10:12:42] 27 NZ_ACFM01000140.1 3392 5S ribosomal RNA
[10:12:42] Found 27 rRNAs
[10:12:42] Skipping ncRNA search, enable with --rfam if desired.
[10:12:42] Total of 91 tRNA + rRNA features
[10:12:42] Searching for CRISPR repeats
[10:12:43] Found 0 CRISPRs
[10:12:43] Predicting coding sequences
[10:12:43] Contigs total 5037488 bp, so using single mode
[10:12:43] Running: prodigal -i \/home\/zhuosl\/VPML\/Genome_annotation\/prokka_GCF_000182345\.1_ASM18234v1\/GCF_000182345\.1_ASM18234v1\.fna -c -m -g 11 -p single -f sco -q
[10:12:49] Excluding CDS which overlaps existing RNA (rRNA) at NZ_ACFM01000136.1:392..592 on - strand
[10:12:49] Excluding CDS which overlaps existing RNA (tRNA) at NZ_ACFM01000124.1:22565..22747 on - strand
[10:12:50] Excluding CDS which overlaps existing RNA (tRNA) at NZ_ACFM01000070.1:59770..60297 on - strand
[10:12:50] Excluding CDS which overlaps existing RNA (tRNA) at NZ_ACFM01000053.1:25193..25378 on - strand
[10:12:51] Excluding CDS which overlaps existing RNA (rRNA) at NZ_ACFM01000028.1:3579..4037 on - strand
[10:12:51] Excluding CDS which overlaps existing RNA (tRNA) at NZ_ACFM01000018.1:693..896 on - strand
[10:12:52] Excluding CDS which overlaps existing RNA (tRNA) at NZ_ACFM01000009.1:184924..191955 on + strand
[10:12:52] Found 4478 CDS
[10:12:52] Connecting features back to sequences
[10:12:52] Not using genus-specific database. Try --usegenus to enable it.
[10:12:52] Annotating CDS, please be patient.
[10:12:52] Will use 8 CPUs for similarity searching.
[10:12:54] There are still 4478 unannotated CDS left (started with 4478)
[10:12:54] Will use blast to search against /home/zhuosl/VPML/Genome/.snakemake/conda/31891b6d05ffb6511b41cad891560a62_/db/kingdom/Bacteria/IS with 8 CPUs
[10:12:54] Running: cat \/home\/zhuosl\/VPML\/Genome_annotation\/prokka_GCF_000182345\.1_ASM18234v1\/GCF_000182345\.1_ASM18234v1\.IS\.tmp\.3689409\.faa | parallel --gnu --plain -j 8 --block 91118 --recstart '>' --pipe blastp -query - -db /home/zhuosl/VPML/Genome/.snakemake/conda/31891b6d05ffb6511b41cad891560a62_/db/kingdom/Bacteria/IS -evalue 1e-30 -qcov_hsp_perc 90 -num_threads 1 -num_descriptions 1 -num_alignments 1 -seg no > \/home\/zhuosl\/VPML\/Genome_annotation\/prokka_GCF_000182345\.1_ASM18234v1\/GCF_000182345\.1_ASM18234v1\.IS\.tmp\.3689409\.blast 2> /dev/null
[10:13:50] Deleting unwanted file: /home/zhuosl/VPML/Genome_annotation/prokka_GCF_000182345.1_ASM18234v1/GCF_000182345.1_ASM18234v1.IS.tmp.3689409.faa
[10:13:50] Deleting unwanted file: /home/zhuosl/VPML/Genome_annotation/prokka_GCF_000182345.1_ASM18234v1/GCF_000182345.1_ASM18234v1.IS.tmp.3689409.blast
[10:13:52] There are still 4464 unannotated CDS left (started with 4478)
[10:13:52] Will use blast to search against /home/zhuosl/VPML/Genome/.snakemake/conda/31891b6d05ffb6511b41cad891560a62_/db/kingdom/Bacteria/AMR with 8 CPUs
[10:13:52] Running: cat \/home\/zhuosl\/VPML\/Genome_annotation\/prokka_GCF_000182345\.1_ASM18234v1\/GCF_000182345\.1_ASM18234v1\.AMR\.tmp\.3689409\.faa | parallel --gnu --plain -j 8 --block 90941 --recstart '>' --pipe blastp -query - -db /home/zhuosl/VPML/Genome/.snakemake/conda/31891b6d05ffb6511b41cad891560a62_/db/kingdom/Bacteria/AMR -evalue 1e-300 -qcov_hsp_perc 90 -num_threads 1 -num_descriptions 1 -num_alignments 1 -seg no > \/home\/zhuosl\/VPML\/Genome_annotation\/prokka_GCF_000182345\.1_ASM18234v1\/GCF_000182345\.1_ASM18234v1\.AMR\.tmp\.3689409\.blast 2> /dev/null
[10:14:39] Deleting unwanted file: /home/zhuosl/VPML/Genome_annotation/prokka_GCF_000182345.1_ASM18234v1/GCF_000182345.1_ASM18234v1.AMR.tmp.3689409.faa
[10:14:39] Deleting unwanted file: /home/zhuosl/VPML/Genome_annotation/prokka_GCF_000182345.1_ASM18234v1/GCF_000182345.1_ASM18234v1.AMR.tmp.3689409.blast
[10:14:40] There are still 4463 unannotated CDS left (started with 4478)
[10:14:40] Will use blast to search against /home/zhuosl/VPML/Genome/.snakemake/conda/31891b6d05ffb6511b41cad891560a62_/db/kingdom/Bacteria/sprot with 8 CPUs
[10:14:40] Running: cat \/home\/zhuosl\/VPML\/Genome_annotation\/prokka_GCF_000182345\.1_ASM18234v1\/GCF_000182345\.1_ASM18234v1\.sprot\.tmp\.3689409\.faa | parallel --gnu --plain -j 8 --block 90907 --recstart '>' --pipe blastp -query - -db /home/zhuosl/VPML/Genome/.snakemake/conda/31891b6d05ffb6511b41cad891560a62_/db/kingdom/Bacteria/sprot -evalue 1e-09 -qcov_hsp_perc 80 -num_threads 1 -num_descriptions 1 -num_alignments 1 -seg no > \/home\/zhuosl\/VPML\/Genome_annotation\/prokka_GCF_000182345\.1_ASM18234v1\/GCF_000182345\.1_ASM18234v1\.sprot\.tmp\.3689409\.blast 2> /dev/null
[10:18:35] Modify product: UPF0276 protein CCNA_03000 => hypothetical protein
[10:18:35] Modify product: Uncharacterized protein YtfJ => putative protein YtfJ
[10:18:35] Modify product: UPF0053 inner membrane protein YfjD => hypothetical protein
[10:18:35] Modify product: Probable membrane transporter protein YfcA => putative membrane transporter protein YfcA
[10:18:35] Modify product: UPF0126 inner membrane protein YadS => hypothetical protein
[10:18:35] Modify product: Putative multidrug export ATP-binding/permease protein SAV1866 => Putative multidrug export ATP-binding/permease protein
[10:18:35] Modify product: UPF0145 protein BCE33L0904 => hypothetical protein
[10:18:35] Modify product: UPF0299 membrane protein YohJ => hypothetical protein
[10:18:35] Modify product: Uncharacterized protein VP1330 => putative protein
[10:18:35] Modify product: Uncharacterized DapA-like lyase => putative DapA-like lyase
[10:18:35] Modify product: Probable ribonucleotide transport ATP-binding protein mkl => putative ribonucleotide transport ATP-binding protein mkl
[10:18:35] Modify product: Uncharacterized N-acetyltransferase YafP => putative N-acetyltransferase YafP
[10:18:35] Modify product: Cyclic di-GMP phosphodiesterase PA4108 => Cyclic di-GMP phosphodiesterase
[10:18:35] Modify product: Uncharacterized protein YjjI => putative protein YjjI
[10:18:35] Modify product: UPF0053 inner membrane protein YoaE => hypothetical protein
[10:18:35] Modify product: Uncharacterized symporter YjmB => putative symporter YjmB
[10:18:35] Modify product: Probable HTH-type transcriptional repressor ExuR => putative HTH-type transcriptional repressor ExuR
[10:18:35] Modify product: Probable chromate transport protein => putative chromate transport protein
[10:18:35] Modify product: Uncharacterized protein YibN => putative protein YibN
[10:18:35] Modify product: UPF0758 protein YsxA => hypothetical protein
[10:18:35] Modify product: UPF0234 protein YajQ => hypothetical protein
[10:18:35] Modify product: UPF0056 inner membrane protein YhgN => hypothetical protein
[10:18:35] Modify product: Probable membrane transporter protein YfcA => putative membrane transporter protein YfcA
[10:18:35] Modify product: UPF0304 protein YfbU => hypothetical protein
[10:18:35] Modify product: Stress response UPF0229 protein YhbH => hypothetical protein
[10:18:35] Modify product: UPF0434 protein YcaR => hypothetical protein
[10:18:35] Modify product: UPF0227 protein YcfP => hypothetical protein
[10:18:35] Modify product: Uncharacterized protein HI_0431 => putative protein
[10:18:35] Modify product: UPF0053 protein Rv2366c => hypothetical protein
[10:18:35] Modify product: Uncharacterized carboxylesterase nap => putative carboxylesterase nap
[10:18:35] Modify product: 23S rRNA 5-hydroxycytidine C2501 synthase => 23S rRNA 5-hydroxycytidine synthase
[10:18:35] Modify product: Co-chaperone protein HscB homolog => Co-chaperone protein HscB 
[10:18:35] Modify product: UPF0070 protein HI_0370 => hypothetical protein
[10:18:35] Modify product: Probable aminotransferase Rv3329 => putative aminotransferase
[10:18:35] Modify product: UPF0255 protein VV1_0328 => hypothetical protein
[10:18:35] Modify product: Putative thiamine biosynthesis protein HI_0357 => Putative thiamine biosynthesis protein
[10:18:35] Modify product: Uncharacterized oxidoreductase YgfF => putative oxidoreductase YgfF
[10:18:35] Modify product: Uncharacterized protein Rv0906 => putative protein
[10:18:35] Modify product: Pentapeptide repeat protein VPA0095 => Pentapeptide repeat protein
[10:18:35] Modify product: Probable FMN/FAD exporter YeeO => putative FMN/FAD exporter YeeO
[10:18:35] Modify product: Probable bifunctional transcriptional activator/DNA repair enzyme AlkA => putative bifunctional transcriptional activator/DNA repair enzyme AlkA
[10:18:35] Modify product: Uncharacterized metal-dependent hydrolase YcfH => putative metal-dependent hydrolase YcfH
[10:18:35] Modify product: Probable DNA endonuclease SmrA => putative DNA endonuclease SmrA
[10:18:35] Modify product: UPF0149 protein HI_0817 => hypothetical protein
[10:18:35] Modify product: Probable amino-acid-binding protein YxeM => putative amino-acid-binding protein YxeM
[10:18:35] Modify product: Probable amino-acid permease protein YxeN => putative amino-acid permease protein YxeN
[10:18:35] Modify product: Probable amino-acid import ATP-binding protein YxeO => putative amino-acid import ATP-binding protein YxeO
[10:18:35] Modify product: Probable chromosome-partitioning protein ParB => putative chromosome-partitioning protein ParB
[10:18:35] Modify product: Probable glutamine ABC transporter permease protein GlnM => putative glutamine ABC transporter permease protein GlnM
[10:18:35] Modify product: Uncharacterized HTH-type transcriptional regulator YahB => putative HTH-type transcriptional regulator YahB
[10:18:35] Modify product: Probable acyltransferase YihG => putative acyltransferase YihG
[10:18:35] Modify product: UPF0073 inner membrane protein YqfA => hypothetical protein
[10:18:35] Modify product: Probable sulfate transporter Rv1739c => putative sulfate transporter
[10:18:35] Modify product: Uncharacterized protein YfgD => putative protein YfgD
[10:18:36] Modify product: Probable acrylyl-CoA reductase AcuI => putative acrylyl-CoA reductase AcuI
[10:18:36] Modify product: Probable multidrug resistance ABC transporter ATP-binding/permease protein YheI => putative multidrug resistance ABC transporter ATP-binding/permease protein YheI
[10:18:36] Modify product: UPF0442 protein YjjB => hypothetical protein
[10:18:36] Modify product: Probable type I restriction enzyme BthVORF4518P M protein => putative type I restriction enzymeP M protein
[10:18:36] Modify product: Uncharacterized protein YqeY => putative protein YqeY
[10:18:36] Modify product: UPF0225 protein YchJ => hypothetical protein
[10:18:36] Modify product: Uncharacterized MFS-type transporter YcaD => putative MFS-type transporter YcaD
[10:18:36] Modify product: Probable FMN/FAD exporter YeeO => putative FMN/FAD exporter YeeO
[10:18:36] Modify product: Probable formate transporter 1 => putative formate transporter 1
[10:18:36] Modify product: Probable cadaverine/lysine antiporter => putative cadaverine/lysine antiporter
[10:18:36] Modify product: Probable transcriptional regulatory protein YebC => putative transcriptional regulatory protein YebC
[10:18:36] Modify product: Uncharacterized ABC transporter ATP-binding protein YknY => putative ABC transporter ATP-binding protein YknY
[10:18:36] Modify product: UPF0263 protein YciU => hypothetical protein
[10:18:36] Modify product: Uncharacterized protein YciO => putative protein YciO
[10:18:36] Modify product: Probable intracellular septation protein A => putative intracellular septation protein A
[10:18:36] Modify product: Uncharacterized acyl-CoA thioester hydrolase HI_0827 => putative acyl-CoA thioester hydrolase
[10:18:36] Modify product: Uncharacterized ABC transporter ATP-binding protein YknY => putative ABC transporter ATP-binding protein YknY
[10:18:36] Modify product: Uncharacterized protease YhbU => putative protease YhbU
[10:18:36] Modify product: Uncharacterized metal-dependent hydrolase YjjV => putative metal-dependent hydrolase YjjV
[10:18:36] Modify product: Uncharacterized protein HI_0461 => putative protein
[10:18:36] Modify product: Uncharacterized protein HI_0131 => putative protein
[10:18:36] Modify product: Ribonuclease TTHA0252 => Ribonuclease
[10:18:36] Modify product: Uncharacterized sugar transferase EpsL => putative sugar transferase EpsL
[10:18:36] Modify product: Uncharacterized lipoprotein GfcB => putative lipoprotein GfcB
[10:18:36] Modify product: UPF0719 inner membrane protein YjfL => hypothetical protein
[10:18:36] Modify product: Uncharacterized ABC transporter ATP-binding protein Rv0986 => putative ABC transporter ATP-binding protein
[10:18:36] Modify product: Probable lipoprotein YiaD => putative lipoprotein YiaD
[10:18:36] Modify product: Uncharacterized protein HI_1163 => putative protein
[10:18:36] Modify product: Probable fructoselysine utilization operon transcriptional repressor => putative fructoselysine utilization operon transcriptional repressor
[10:18:36] Modify product: Glycine betaine/proline/choline/ectoine transporter VP1456 => Glycine betaine/proline/choline/ectoine transporter
[10:18:36] Modify product: Uncharacterized signaling protein PA1727 => putative signaling protein
[10:18:36] Modify product: Probable L,D-transpeptidase YcbB => putative L,D-transpeptidase YcbB
[10:18:36] Modify product: Monocarboxylate 2-oxoacid-binding periplasmic protein all3028 => Monocarboxylate 2-oxoacid-binding periplasmic protein
[10:18:36] Modify product: Uncharacterized protein YcjX => putative protein YcjX
[10:18:36] Modify product: UPF0283 membrane protein YcjF => hypothetical protein
[10:18:36] Modify product: Uncharacterized oxidoreductase YciK => putative oxidoreductase YciK
[10:18:36] Modify product: Probable multidrug ABC transporter permease YbhS => putative multidrug ABC transporter permease YbhS
[10:18:36] Modify product: Probable multidrug ABC transporter ATP-binding protein YbhF => putative multidrug ABC transporter ATP-binding protein YbhF
[10:18:36] Modify product: UPF0194 membrane protein YbhG => hypothetical protein
[10:18:36] Modify product: UPF0098 protein YbcL => hypothetical protein
[10:18:36] Modify product: Probable phosphatase YcdX => putative phosphatase YcdX
[10:18:36] Modify product: Uncharacterized protein YcgM => putative protein YcgM
[10:18:36] Modify product: Uncharacterized protein YaeQ => putative protein YaeQ
[10:18:36] Modify product: Uncharacterized ABC transporter ATP-binding protein YknY => putative ABC transporter ATP-binding protein YknY
[10:18:36] Modify product: Uncharacterized protein HI_1349 => putative protein
[10:18:36] Modify product: Probable cyclic di-GMP phosphodiesterase PdeN => putative cyclic di-GMP phosphodiesterase PdeN
[10:18:36] Modify product: Uncharacterized HTH-type transcriptional regulator YbdO => putative HTH-type transcriptional regulator YbdO
[10:18:36] Modify product: UPF0324 inner membrane protein YeiH => hypothetical protein
[10:18:36] Modify product: UPF0301 protein VC_0467 => hypothetical protein
[10:18:36] Modify product: UPF0235 protein YggU => hypothetical protein
[10:18:36] Modify product: Probable Fe(2+)-trafficking protein => putative Fe(2+)-trafficking protein
[10:18:36] Modify product: Putative low molecular weight protein-tyrosine-phosphatase slr0328 => Putative low molecular weight protein-tyrosine-phosphatase
[10:18:36] Modify product: UPF0208 membrane protein YfbV => hypothetical protein
[10:18:37] Modify product: Uncharacterized N-acetyltransferase YsnE => putative N-acetyltransferase YsnE
[10:18:37] Modify product: UPF0319 protein HI_1681 => hypothetical protein
[10:18:37] Modify product: DNA-binding protein VF_0530 => DNA-binding protein
[10:18:37] Modify product: UPF0056 inner membrane protein YhgN => hypothetical protein
[10:18:37] Modify product: Probable low molecular weight protein-tyrosine-phosphatase AmsI => putative low molecular weight protein-tyrosine-phosphatase AmsI
[10:18:37] Modify product: Protein SlyX homolog => Protein SlyX 
[10:18:37] Modify product: Uncharacterized ABC transporter ATP-binding protein YheS => putative ABC transporter ATP-binding protein YheS
[10:18:37] Modify product: UPF0270 protein PA3463 => hypothetical protein
[10:18:37] Modify product: Probable phosphatase Rv3661 => putative phosphatase
[10:18:37] Modify product: UPF0761 membrane protein YihY => hypothetical protein
[10:18:37] Modify product: Probable GTP-binding protein EngB => putative GTP-binding protein EngB
[10:18:37] Modify product: Probable protein kinase UbiB => putative protein kinase UbiB
[10:18:37] Modify product: Uncharacterized protein HI_0933 => putative protein
[10:18:37] Modify product: Probable bacterial non-heme ferritin => putative bacterial non-heme ferritin
[10:18:37] Modify product: Uncharacterized HTH-type transcriptional regulator HI_0893 => putative HTH-type transcriptional regulator
[10:18:37] Modify product: Uncharacterized ABC transporter ATP-binding protein YbiT => putative ABC transporter ATP-binding protein YbiT
[10:18:37] Modify product: Probable 3-phenylpropionic acid transporter => putative 3-phenylpropionic acid transporter
[10:18:37] Modify product: Probable transcriptional regulatory protein NarL => putative transcriptional regulatory protein NarL
[10:18:37] Modify product: UPF0716 protein FxsA => hypothetical protein
[10:18:37] Modify product: Epimerase family protein SA0724 => Epimerase family protein
[10:18:37] Modify product: Putative multidrug export ATP-binding/permease protein SAV1866 => Putative multidrug export ATP-binding/permease protein
[10:18:37] Modify product: Uncharacterized protein YyaP => putative protein YyaP
[10:18:37] Modify product: Cytochrome b561 homolog 2 => Cytochrome b561 
[10:18:37] Modify product: Uncharacterized ABC transporter ATP-binding protein YbiT => putative ABC transporter ATP-binding protein YbiT
[10:18:37] Modify product: Uncharacterized protein YciH => putative protein YciH
[10:18:37] Modify product: Probable FMN/FAD exporter YeeO => putative FMN/FAD exporter YeeO
[10:18:37] Modify product: UPF0394 membrane protein XF_0765 => hypothetical protein
[10:18:37] Modify product: UPF0394 membrane protein XF_0766 => hypothetical protein
[10:18:37] Modify product: Probable enoyl-CoA hydratase 1 => putative enoyl-CoA hydratase 1
[10:18:37] Modify product: Uncharacterized protein YbiI => putative protein YbiI
[10:18:37] Modify product: Cytochrome b561 homolog 1 => Cytochrome b561 
[10:18:37] Modify product: Uncharacterized protein HI_1349 => putative protein
[10:18:37] Modify product: Probable glycerol-3-phosphate acyltransferase => putative glycerol-3-phosphate acyltransferase
[10:18:37] Modify product: UPF0111 protein HI_1603 => hypothetical protein
[10:18:37] Modify product: Probable cyclic di-GMP phosphodiesterase PdeD => putative cyclic di-GMP phosphodiesterase PdeD
[10:18:37] Modify product: Probable cyclic di-GMP phosphodiesterase PdeC => putative cyclic di-GMP phosphodiesterase PdeC
[10:18:37] Modify product: Probable peptidoglycan glycosyltransferase FtsW => putative peptidoglycan glycosyltransferase FtsW
[10:18:37] Modify product: UPF0102 protein RPA0323 => hypothetical protein
[10:18:37] Modify product: Uncharacterized ABC transporter ATP-binding protein YadG => putative ABC transporter ATP-binding protein YadG
[10:18:37] Modify product: Uncharacterized ABC transporter ATP-binding protein Rv0986 => putative ABC transporter ATP-binding protein
[10:18:37] Modify product: Uncharacterized protein YtfJ => putative protein YtfJ
[10:18:37] Modify product: Uncharacterized protein YibL => putative protein YibL
[10:18:37] Modify product: UPF0056 inner membrane protein MarC => hypothetical protein
[10:18:37] Modify product: UPF0352 protein VP2129 => hypothetical protein
[10:18:37] Modify product: UPF0153 protein YeiW => hypothetical protein
[10:18:37] Modify product: UPF0597 protein YhaM => hypothetical protein
[10:18:37] Modify product: Probable serine transporter => putative serine transporter
[10:18:37] Modify product: UPF0126 inner membrane protein YicG => hypothetical protein
[10:18:37] Modify product: UPF0267 protein HI_1394 => hypothetical protein
[10:18:38] Modify product: Putative multidrug export ATP-binding/permease protein SAV1866 => Putative multidrug export ATP-binding/permease protein
[10:18:38] Modify product: Probable csgAB operon transcriptional regulatory protein => putative csgAB operon transcriptional regulatory protein
[10:18:38] Modify product: Probable L,D-transpeptidase YcfS => putative L,D-transpeptidase YcfS
[10:18:38] Modify product: UPF0397 protein SP_0482 => hypothetical protein
[10:18:38] Modify product: Cyclic di-GMP binding protein VCA0042 => Cyclic di-GMP binding protein
[10:18:38] Modify product: Uncharacterized ABC transporter ATP-binding protein YejF => putative ABC transporter ATP-binding protein YejF
[10:18:38] Modify product: Probable phosphatase YcdX => putative phosphatase YcdX
[10:18:38] Modify product: Probable lipid II flippase MurJ => putative lipid II flippase MurJ
[10:18:38] Modify product: Probable chaperone CsaA => putative chaperone CsaA
[10:18:38] Modify product: Uncharacterized protein YjbR => putative protein YjbR
[10:18:38] Modify product: Glycine betaine/proline/choline transporter VP1723 => Glycine betaine/proline/choline transporter
[10:18:38] Modify product: UPF0194 membrane protein YbhG => hypothetical protein
[10:18:38] Modify product: Uncharacterized protein YcjY => putative protein YcjY
[10:18:38] Modify product: Uncharacterized protein YcjY => putative protein YcjY
[10:18:38] Modify product: Probable ATP synthase YscN => putative ATP synthase YscN
[10:18:38] Modify product: Probable membrane transporter protein YfcA => putative membrane transporter protein YfcA
[10:18:38] Modify product: Fanconi-associated nuclease 1 homolog => Fanconi-associated nuclease 1 
[10:18:38] Modify product: Probable lipid kinase YegS => putative lipid kinase YegS
[10:18:38] Modify product: Glycogen operon protein GlgX homolog => Glycogen operon protein GlgX 
[10:18:38] Modify product: Probable sugar-binding periplasmic protein => putative sugar-binding periplasmic protein
[10:18:38] Modify product: Probable 6-phospho-beta-glucosidase => putative 6-phospho-beta-glucosidase
[10:18:38] Modify product: Solute-binding protein Bamb_6123 => Solute-binding protein
[10:18:38] Modify product: UPF0178 protein YaiI => hypothetical protein
[10:18:38] Modify product: UPF0253 protein YaeP => hypothetical protein
[10:18:38] Modify product: UPF0053 inner membrane protein YtfL => hypothetical protein
[10:18:38] Modify product: Bifunctional protein FolD => Bifunctional protein FolD protein
[10:18:38] Modify product: Uncharacterized HTH-type transcriptional regulator YahB => putative HTH-type transcriptional regulator YahB
[10:18:38] Modify product: Probable formate transporter 1 => putative formate transporter 1
[10:18:38] Modify product: Probable iron export permease protein FetB => putative iron export permease protein FetB
[10:18:38] Modify product: Probable manganese-dependent inorganic pyrophosphatase => putative manganese-dependent inorganic pyrophosphatase
[10:18:38] Modify product: Uncharacterized RNA pseudouridine synthase Rv1540 => putative RNA pseudouridine synthase
[10:18:38] Modify product: Cyclic di-GMP phosphodiesterase PA4108 => Cyclic di-GMP phosphodiesterase
[10:18:38] Modify product: Probable 6-phospho-beta-glucosidase => putative 6-phospho-beta-glucosidase
[10:18:38] Modify product: UPF0307 protein YjgA => hypothetical protein
[10:18:38] Modify product: Putative 2-hydroxyacid dehydrogenase HI_1556 => Putative 2-hydroxyacid dehydrogenase
[10:18:38] Modify product: Probable ATP-dependent DNA helicase YoaA => putative ATP-dependent DNA helicase YoaA
[10:18:38] Modify product: GTP cyclohydrolase 1 type 2 homolog => GTP cyclohydrolase 1 type 2 
[10:18:38] Modify product: UPF0701 protein HI_0467 => hypothetical protein
[10:18:38] Modify product: Riboflavin biosynthesis protein VVA0006 => Riboflavin biosynthesis protein
[10:18:38] Modify product: UPF0502 protein YceH => hypothetical protein
[10:18:38] Modify product: UPF0265 protein YeeX => hypothetical protein
[10:18:38] Modify product: Uncharacterized protein YedJ => putative protein YedJ
[10:18:38] Modify product: Uncharacterized oxidoreductase SA2266 => putative oxidoreductase
[10:18:38] Modify product: Uncharacterized MFS-type transporter YhjX => putative MFS-type transporter YhjX
[10:18:38] Cleaned 200 /product names
[10:18:38] Deleting unwanted file: /home/zhuosl/VPML/Genome_annotation/prokka_GCF_000182345.1_ASM18234v1/GCF_000182345.1_ASM18234v1.sprot.tmp.3689409.faa
[10:18:38] Deleting unwanted file: /home/zhuosl/VPML/Genome_annotation/prokka_GCF_000182345.1_ASM18234v1/GCF_000182345.1_ASM18234v1.sprot.tmp.3689409.blast
[10:18:39] There are still 2005 unannotated CDS left (started with 4478)
[10:18:39] Will use hmmer3 to search against /home/zhuosl/VPML/Genome/.snakemake/conda/31891b6d05ffb6511b41cad891560a62_/db/hmm/HAMAP.hmm with 8 CPUs
[10:18:39] Running: cat \/home\/zhuosl\/VPML\/Genome_annotation\/prokka_GCF_000182345\.1_ASM18234v1\/GCF_000182345\.1_ASM18234v1\.HAMAP\.hmm\.tmp\.3689409\.faa | parallel --gnu --plain -j 8 --block 36410 --recstart '>' --pipe hmmscan --noali --notextw --acc -E 1e-09 --cpu 1 /home/zhuosl/VPML/Genome/.snakemake/conda/31891b6d05ffb6511b41cad891560a62_/db/hmm/HAMAP.hmm /dev/stdin > \/home\/zhuosl\/VPML\/Genome_annotation\/prokka_GCF_000182345\.1_ASM18234v1\/GCF_000182345\.1_ASM18234v1\.HAMAP\.hmm\.tmp\.3689409\.hmmer3 2> /dev/null
[10:20:20] Modify product: Uncharacterized Nudix hydrolase NudL => putative Nudix hydrolase NudL
[10:20:21] Cleaned 1 /product names
[10:20:21] Deleting unwanted file: /home/zhuosl/VPML/Genome_annotation/prokka_GCF_000182345.1_ASM18234v1/GCF_000182345.1_ASM18234v1.HAMAP.hmm.tmp.3689409.faa
[10:20:21] Deleting unwanted file: /home/zhuosl/VPML/Genome_annotation/prokka_GCF_000182345.1_ASM18234v1/GCF_000182345.1_ASM18234v1.HAMAP.hmm.tmp.3689409.hmmer3
[10:20:21] Labelling remaining 1772 proteins as 'hypothetical protein'
[10:20:21] Possible /pseudo 'ATP-binding/permease protein CydD' at NZ_ACFM01000148.1 position 44458
[10:20:21] Possible /pseudo 'Hydroxyacylglutathione hydrolase GloC' at NZ_ACFM01000143.1 position 32747
[10:20:21] Possible /pseudo 'Twitching mobility protein' at NZ_ACFM01000130.1 position 24691
[10:20:21] Possible /pseudo 'Spermidine/putrescine-binding periplasmic protein' at NZ_ACFM01000127.1 position 1275
[10:20:21] Possible /pseudo 'Flagellin D' at NZ_ACFM01000124.1 position 1864
[10:20:21] Possible /pseudo 'Flagellin D' at NZ_ACFM01000124.1 position 3672
[10:20:21] Possible /pseudo 'N,N'-diacetylchitobiase' at NZ_ACFM01000124.1 position 35571
[10:20:21] Possible /pseudo 'ATP-dependent DNA helicase DinG' at NZ_ACFM01000107.1 position 9106
[10:20:21] Possible /pseudo 'Bifunctional protein TrpGD' at NZ_ACFM01000103.1 position 7296
[10:20:21] Possible /pseudo 'Tryptophan biosynthesis protein TrpCF' at NZ_ACFM01000103.1 position 8844
[10:20:21] Possible /pseudo 'Macrolide export ATP-binding/permease protein MacB' at NZ_ACFM01000103.1 position 50120
[10:20:21] Possible /pseudo 'Peptide chain release factor RF3' at NZ_ACFM01000102.1 position 23699
[10:20:21] Possible /pseudo 'Dipeptide and tripeptide permease A' at NZ_ACFM01000101.1 position 48980
[10:20:21] Possible /pseudo 'HTH-type transcriptional regulator LeuO' at NZ_ACFM01000094.1 position 45077
[10:20:21] Possible /pseudo 'Flagellin D' at NZ_ACFM01000085.1 position 34774
[10:20:21] Possible /pseudo 'NADP-dependent fatty aldehyde dehydrogenase' at NZ_ACFM01000071.1 position 51053
[10:20:21] Possible /pseudo 'Chaperone protein HscA' at NZ_ACFM01000071.1 position 187271
[10:20:21] Possible /pseudo 'DNA adenine methylase' at NZ_ACFM01000065.1 position 3918
[10:20:21] Possible /pseudo 'Protease HtpX' at NZ_ACFM01000064.1 position 5730
[10:20:21] Possible /pseudo 'DNA polymerase III subunit delta' at NZ_ACFM01000054.1 position 3040
[10:20:21] Possible /pseudo 'p-aminobenzoyl-glutamate transport protein' at NZ_ACFM01000030.1 position 11660
[10:20:21] Possible /pseudo 'Acyl carrier protein' at NZ_ACFM01000029.1 position 20352
[10:20:21] Possible /pseudo 'N-acetylglucosamine repressor' at NZ_ACFM01000016.1 position 27525
[10:20:21] Possible /pseudo 'Leucine-responsive regulatory protein' at NZ_ACFM01000012.1 position 1301
[10:20:21] Possible /pseudo 'Isoleucine--tRNA ligase' at NZ_ACFM01000010.1 position 4688
[10:20:21] Possible /pseudo 'IS3 family transposase ISVpa2' at NZ_ACFM01000009.1 position 18916
[10:20:21] Possible /pseudo 'putative protein YcjY' at NZ_ACFM01000009.1 position 126972
[10:20:21] Possible /pseudo 'N-acetylgalactosamine-6-O-sulfatase' at NZ_ACFM01000007.1 position 29115
[10:20:21] Found 2027 unique /gene codes.
[10:20:21] Fixed 4 duplicate /gene - norR_1 norR_2 norR_3 norR_4
[10:20:21] Fixed 5 duplicate /gene - oppF_1 oppF_2 oppF_3 oppF_4 oppF_5
[10:20:21] Fixed 3 duplicate /gene - napA_1 napA_2 napA_3
[10:20:21] Fixed 2 duplicate /gene - dtpA_1 dtpA_2
[10:20:21] Fixed 2 duplicate /gene - deaD_1 deaD_2
[10:20:21] Fixed 2 duplicate /gene - gntR_1 gntR_2
[10:20:21] Fixed 2 duplicate /gene - ahpC_1 ahpC_2
[10:20:21] Fixed 2 duplicate /gene - trpB_1 trpB_2
[10:20:21] Fixed 2 duplicate /gene - pilT_1 pilT_2
[10:20:21] Fixed 2 duplicate /gene - licH_1 licH_2
[10:20:21] Fixed 2 duplicate /gene - ccmF_1 ccmF_2
[10:20:21] Fixed 9 duplicate /gene - rhaS_1 rhaS_2 rhaS_3 rhaS_4 rhaS_5 rhaS_6 rhaS_7 rhaS_8 rhaS_9
[10:20:21] Fixed 2 duplicate /gene - metQ_1 metQ_2
[10:20:21] Fixed 2 duplicate /gene - cysK_1 cysK_2
[10:20:21] Fixed 2 duplicate /gene - pmbA_1 pmbA_2
[10:20:21] Fixed 7 duplicate /gene - lrp_1 lrp_2 lrp_3 lrp_4 lrp_5 lrp_6 lrp_7
[10:20:21] Fixed 2 duplicate /gene - gtaB_1 gtaB_2
[10:20:21] Fixed 2 duplicate /gene - fliR_1 fliR_2
[10:20:21] Fixed 3 duplicate /gene - intA_1 intA_2 intA_3
[10:20:21] Fixed 3 duplicate /gene - gloA_1 gloA_2 gloA_3
[10:20:21] Fixed 2 duplicate /gene - damX_1 damX_2
[10:20:21] Fixed 2 duplicate /gene - ileS_1 ileS_2
[10:20:21] Fixed 2 duplicate /gene - flgB_1 flgB_2
[10:20:21] Fixed 2 duplicate /gene - galE_1 galE_2
[10:20:21] Fixed 2 duplicate /gene - ubiB_1 ubiB_2
[10:20:21] Fixed 2 duplicate /gene - pflA_1 pflA_2
[10:20:21] Fixed 2 duplicate /gene - IMPDH_1 IMPDH_2
[10:20:21] Fixed 4 duplicate /gene - cysG_1 cysG_2 cysG_3 cysG_4
[10:20:21] Fixed 2 duplicate /gene - tfoX1_1 tfoX1_2
[10:20:21] Fixed 2 duplicate /gene - katG_1 katG_2
[10:20:21] Fixed 2 duplicate /gene - focA_1 focA_2
[10:20:21] Fixed 2 duplicate /gene - ulaC_1 ulaC_2
[10:20:21] Fixed 2 duplicate /gene - flgG_1 flgG_2
[10:20:21] Fixed 2 duplicate /gene - murQ_1 murQ_2
[10:20:21] Fixed 2 duplicate /gene - tpm_1 tpm_2
[10:20:21] Fixed 4 duplicate /gene - cheV_1 cheV_2 cheV_3 cheV_4
[10:20:21] Fixed 2 duplicate /gene - ybiT_1 ybiT_2
[10:20:21] Fixed 2 duplicate /gene - nemA_1 nemA_2
[10:20:21] Fixed 7 duplicate /gene - ompA_1 ompA_2 ompA_3 ompA_4 ompA_5 ompA_6 ompA_7
[10:20:21] Fixed 4 duplicate /gene - pctB_1 pctB_2 pctB_3 pctB_4
[10:20:21] Fixed 2 duplicate /gene - cysL_1 cysL_2
[10:20:21] Fixed 2 duplicate /gene - rlmI_1 rlmI_2
[10:20:21] Fixed 10 duplicate /gene - sasA_1 sasA_2 sasA_3 sasA_4 sasA_5 sasA_6 sasA_7 sasA_8 sasA_9 sasA_10
[10:20:21] Fixed 2 duplicate /gene - rep_1 rep_2
[10:20:21] Fixed 2 duplicate /gene - mepM_1 mepM_2
[10:20:21] Fixed 2 duplicate /gene - pstS1_1 pstS1_2
[10:20:21] Fixed 2 duplicate /gene - ydiK_1 ydiK_2
[10:20:21] Fixed 4 duplicate /gene - sgrR_1 sgrR_2 sgrR_3 sgrR_4
[10:20:21] Fixed 4 duplicate /gene - tolQ_1 tolQ_2 tolQ_3 tolQ_4
[10:20:21] Fixed 2 duplicate /gene - rnr_1 rnr_2
[10:20:21] Fixed 5 duplicate /gene - gph_1 gph_2 gph_3 gph_4 gph_5
[10:20:21] Fixed 2 duplicate /gene - cydD_1 cydD_2
[10:20:21] Fixed 5 duplicate /gene - oppD_1 oppD_2 oppD_3 oppD_4 oppD_5
[10:20:21] Fixed 2 duplicate /gene - prsE_1 prsE_2
[10:20:21] Fixed 3 duplicate /gene - htpX_1 htpX_2 htpX_3
[10:20:21] Fixed 2 duplicate /gene - pldA_1 pldA_2
[10:20:21] Fixed 2 duplicate /gene - nagE_1 nagE_2
[10:20:21] Fixed 2 duplicate /gene - spo0M_1 spo0M_2
[10:20:21] Fixed 2 duplicate /gene - nudF_1 nudF_2
[10:20:21] Fixed 2 duplicate /gene - flhB_1 flhB_2
[10:20:21] Fixed 2 duplicate /gene - sdaC_1 sdaC_2
[10:20:21] Fixed 2 duplicate /gene - ycdX_1 ycdX_2
[10:20:21] Fixed 2 duplicate /gene - oppC_1 oppC_2
[10:20:21] Fixed 2 duplicate /gene - epsM_1 epsM_2
[10:20:21] Fixed 2 duplicate /gene - yiaV_1 yiaV_2
[10:20:21] Fixed 2 duplicate /gene - ttrR_1 ttrR_2
[10:20:21] Fixed 5 duplicate /gene - dinG_1 dinG_2 dinG_3 dinG_4 dinG_5
[10:20:21] Fixed 2 duplicate /gene - glgC_1 glgC_2
[10:20:21] Fixed 2 duplicate /gene - potA_1 potA_2
[10:20:21] Fixed 2 duplicate /gene - pcpR_1 pcpR_2
[10:20:21] Fixed 2 duplicate /gene - norM_1 norM_2
[10:20:21] Fixed 2 duplicate /gene - kefC_1 kefC_2
[10:20:21] Fixed 2 duplicate /gene - ppiB_1 ppiB_2
[10:20:21] Fixed 2 duplicate /gene - fruA_1 fruA_2
[10:20:21] Fixed 2 duplicate /gene - fliQ_1 fliQ_2
[10:20:21] Fixed 3 duplicate /gene - aaeA_1 aaeA_2 aaeA_3
[10:20:21] Fixed 2 duplicate /gene - PGdx_1 PGdx_2
[10:20:21] Fixed 2 duplicate /gene - macA_1 macA_2
[10:20:21] Fixed 11 duplicate /gene - rcsC_1 rcsC_2 rcsC_3 rcsC_4 rcsC_5 rcsC_6 rcsC_7 rcsC_8 rcsC_9 rcsC_10 rcsC_11
[10:20:21] Fixed 2 duplicate /gene - secD_1 secD_2
[10:20:21] Fixed 2 duplicate /gene - fliG_1 fliG_2
[10:20:21] Fixed 3 duplicate /gene - norG_1 norG_2 norG_3
[10:20:21] Fixed 6 duplicate /gene - pgrR_1 pgrR_2 pgrR_3 pgrR_4 pgrR_5 pgrR_6
[10:20:21] Fixed 2 duplicate /gene - cueR_1 cueR_2
[10:20:21] Fixed 2 duplicate /gene - xerD_1 xerD_2
[10:20:21] Fixed 2 duplicate /gene - cydA_1 cydA_2
[10:20:21] Fixed 3 duplicate /gene - gltP_1 gltP_2 gltP_3
[10:20:21] Fixed 2 duplicate /gene - napF_1 napF_2
[10:20:21] Fixed 3 duplicate /gene - oppA_1 oppA_2 oppA_3
[10:20:21] Fixed 2 duplicate /gene - nirD_1 nirD_2
[10:20:21] Fixed 2 duplicate /gene - mtlA_1 mtlA_2
[10:20:21] Fixed 2 duplicate /gene - uhpC_1 uhpC_2
[10:20:21] Fixed 2 duplicate /gene - nupX_1 nupX_2
[10:20:21] Fixed 2 duplicate /gene - msrAB_1 msrAB_2
[10:20:21] Fixed 2 duplicate /gene - gspK_1 gspK_2
[10:20:21] Fixed 2 duplicate /gene - pncC_1 pncC_2
[10:20:21] Fixed 4 duplicate /gene - dctD_1 dctD_2 dctD_3 dctD_4
[10:20:21] Fixed 2 duplicate /gene - lon_1 lon_2
[10:20:21] Fixed 2 duplicate /gene - menE_1 menE_2
[10:20:21] Fixed 3 duplicate /gene - zntR_1 zntR_2 zntR_3
[10:20:21] Fixed 2 duplicate /gene - cntI_1 cntI_2
[10:20:21] Fixed 3 duplicate /gene - menH_1 menH_2 menH_3
[10:20:21] Fixed 2 duplicate /gene - fadE_1 fadE_2
[10:20:21] Fixed 2 duplicate /gene - yegS_1 yegS_2
[10:20:21] Fixed 2 duplicate /gene - hutH_1 hutH_2
[10:20:21] Fixed 5 duplicate /gene - fabG_1 fabG_2 fabG_3 fabG_4 fabG_5
[10:20:21] Fixed 3 duplicate /gene - slyA_1 slyA_2 slyA_3
[10:20:21] Fixed 4 duplicate /gene - xerC_1 xerC_2 xerC_3 xerC_4
[10:20:21] Fixed 2 duplicate /gene - mrdB_1 mrdB_2
[10:20:21] Fixed 2 duplicate /gene - tldD_1 tldD_2
[10:20:21] Fixed 4 duplicate /gene - malT_1 malT_2 malT_3 malT_4
[10:20:21] Fixed 3 duplicate /gene - eda_1 eda_2 eda_3
[10:20:21] Fixed 2 duplicate /gene - groL_1 groL_2
[10:20:21] Fixed 2 duplicate /gene - COQ3_1 COQ3_2
[10:20:21] Fixed 4 duplicate /gene - mdtA_1 mdtA_2 mdtA_3 mdtA_4
[10:20:21] Fixed 3 duplicate /gene - lpxL_1 lpxL_2 lpxL_3
[10:20:21] Fixed 3 duplicate /gene - potD_1 potD_2 potD_3
[10:20:21] Fixed 2 duplicate /gene - ribD_1 ribD_2
[10:20:21] Fixed 2 duplicate /gene - maa_1 maa_2
[10:20:21] Fixed 2 duplicate /gene - puuB_1 puuB_2
[10:20:21] Fixed 2 duplicate /gene - srmB_1 srmB_2
[10:20:21] Fixed 2 duplicate /gene - bicA_1 bicA_2
[10:20:21] Fixed 2 duplicate /gene - thiE_1 thiE_2
[10:20:21] Fixed 2 duplicate /gene - arcA_1 arcA_2
[10:20:21] Fixed 3 duplicate /gene - lptB_1 lptB_2 lptB_3
[10:20:21] Fixed 2 duplicate /gene - uup_1 uup_2
[10:20:21] Fixed 3 duplicate /gene - rhtC_1 rhtC_2 rhtC_3
[10:20:21] Fixed 2 duplicate /gene - dppC_1 dppC_2
[10:20:21] Fixed 2 duplicate /gene - yhfA_1 yhfA_2
[10:20:21] Fixed 2 duplicate /gene - rsxB_1 rsxB_2
[10:20:21] Fixed 2 duplicate /gene - cynR_1 cynR_2
[10:20:21] Fixed 2 duplicate /gene - prt_1 prt_2
[10:20:21] Fixed 4 duplicate /gene - tolR_1 tolR_2 tolR_3 tolR_4
[10:20:21] Fixed 2 duplicate /gene - gltS_1 gltS_2
[10:20:21] Fixed 11 duplicate /gene - dmlR_1 dmlR_2 dmlR_3 dmlR_4 dmlR_5 dmlR_6 dmlR_7 dmlR_8 dmlR_9 dmlR_10 dmlR_11
[10:20:21] Fixed 2 duplicate /gene - aer_1 aer_2
[10:20:21] Fixed 3 duplicate /gene - btuB_1 btuB_2 btuB_3
[10:20:21] Fixed 2 duplicate /gene - pglF_1 pglF_2
[10:20:21] Fixed 2 duplicate /gene - cntO_1 cntO_2
[10:20:21] Fixed 2 duplicate /gene - bcr_1 bcr_2
[10:20:21] Fixed 2 duplicate /gene - dapE_1 dapE_2
[10:20:21] Fixed 2 duplicate /gene - secF_1 secF_2
[10:20:21] Fixed 2 duplicate /gene - aldH_1 aldH_2
[10:20:21] Fixed 2 duplicate /gene - gabD_1 gabD_2
[10:20:21] Fixed 2 duplicate /gene - gloC_1 gloC_2
[10:20:21] Fixed 2 duplicate /gene - ptrB_1 ptrB_2
[10:20:21] Fixed 2 duplicate /gene - torD_1 torD_2
[10:20:21] Fixed 2 duplicate /gene - malS_1 malS_2
[10:20:21] Fixed 2 duplicate /gene - pspB_1 pspB_2
[10:20:21] Fixed 2 duplicate /gene - clpV1_1 clpV1_2
[10:20:21] Fixed 2 duplicate /gene - nagC_1 nagC_2
[10:20:21] Fixed 2 duplicate /gene - gltD_1 gltD_2
[10:20:21] Fixed 2 duplicate /gene - prfC_1 prfC_2
[10:20:21] Fixed 2 duplicate /gene - accD_1 accD_2
[10:20:21] Fixed 2 duplicate /gene - dgkA_1 dgkA_2
[10:20:21] Fixed 3 duplicate /gene - glpE_1 glpE_2 glpE_3
[10:20:21] Fixed 2 duplicate /gene - gsk_1 gsk_2
[10:20:21] Fixed 3 duplicate /gene - chuR_1 chuR_2 chuR_3
[10:20:21] Fixed 2 duplicate /gene - phnR_1 phnR_2
[10:20:21] Fixed 3 duplicate /gene - mltF_1 mltF_2 mltF_3
[10:20:21] Fixed 2 duplicate /gene - mmsA_1 mmsA_2
[10:20:21] Fixed 2 duplicate /gene - ygjV_1 ygjV_2
[10:20:21] Fixed 2 duplicate /gene - pgm_1 pgm_2
[10:20:21] Fixed 2 duplicate /gene - tnpR_1 tnpR_2
[10:20:21] Fixed 2 duplicate /gene - topA_1 topA_2
[10:20:21] Fixed 2 duplicate /gene - atpB_1 atpB_2
[10:20:21] Fixed 2 duplicate /gene - znuB_1 znuB_2
[10:20:21] Fixed 2 duplicate /gene - glnQ_1 glnQ_2
[10:20:21] Fixed 2 duplicate /gene - ftsY_1 ftsY_2
[10:20:21] Fixed 2 duplicate /gene - yscU_1 yscU_2
[10:20:21] Fixed 2 duplicate /gene - ktrB_1 ktrB_2
[10:20:21] Fixed 3 duplicate /gene - pknD_1 pknD_2 pknD_3
[10:20:21] Fixed 3 duplicate /gene - yknY_1 yknY_2 yknY_3
[10:20:21] Fixed 2 duplicate /gene - epsL_1 epsL_2
[10:20:21] Fixed 2 duplicate /gene - manA_1 manA_2
[10:20:21] Fixed 2 duplicate /gene - napC_1 napC_2
[10:20:21] Fixed 2 duplicate /gene - holA_1 holA_2
[10:20:21] Fixed 7 duplicate /gene - hdfR_1 hdfR_2 hdfR_3 hdfR_4 hdfR_5 hdfR_6 hdfR_7
[10:20:21] Fixed 3 duplicate /gene - luxO_1 luxO_2 luxO_3
[10:20:21] Fixed 2 duplicate /gene - ubiJ_1 ubiJ_2
[10:20:21] Fixed 4 duplicate /gene - czcA_1 czcA_2 czcA_3 czcA_4
[10:20:21] Fixed 2 duplicate /gene - mmgC_1 mmgC_2
[10:20:21] Fixed 2 duplicate /gene - chiP_1 chiP_2
[10:20:21] Fixed 3 duplicate /gene - hmp_1 hmp_2 hmp_3
[10:20:21] Fixed 2 duplicate /gene - ptsG_1 ptsG_2
[10:20:21] Fixed 2 duplicate /gene - mgtE_1 mgtE_2
[10:20:21] Fixed 2 duplicate /gene - groS_1 groS_2
[10:20:21] Fixed 3 duplicate /gene - epsF_1 epsF_2 epsF_3
[10:20:21] Fixed 2 duplicate /gene - btsR_1 btsR_2
[10:20:21] Fixed 2 duplicate /gene - aspA_1 aspA_2
[10:20:21] Fixed 2 duplicate /gene - udp_1 udp_2
[10:20:21] Fixed 2 duplicate /gene - sspA_1 sspA_2
[10:20:21] Fixed 2 duplicate /gene - gltB_1 gltB_2
[10:20:21] Fixed 2 duplicate /gene - doeB_1 doeB_2
[10:20:21] Fixed 2 duplicate /gene - spaP_1 spaP_2
[10:20:21] Fixed 5 duplicate /gene - btuD_1 btuD_2 btuD_3 btuD_4 btuD_5
[10:20:21] Fixed 2 duplicate /gene - pgl_1 pgl_2
[10:20:21] Fixed 2 duplicate /gene - ycjY_1 ycjY_2
[10:20:21] Fixed 2 duplicate /gene - pepT_1 pepT_2
[10:20:21] Fixed 2 duplicate /gene - cpxR_1 cpxR_2
[10:20:21] Fixed 2 duplicate /gene - ridA_1 ridA_2
[10:20:21] Fixed 2 duplicate /gene - yahB_1 yahB_2
[10:20:21] Fixed 3 duplicate /gene - fabF_1 fabF_2 fabF_3
[10:20:21] Fixed 2 duplicate /gene - nodD2_1 nodD2_2
[10:20:21] Fixed 2 duplicate /gene - kdgK_1 kdgK_2
[10:20:21] Fixed 2 duplicate /gene - fusA_1 fusA_2
[10:20:21] Fixed 2 duplicate /gene - dsbA_1 dsbA_2
[10:20:21] Fixed 2 duplicate /gene - ackA_1 ackA_2
[10:20:21] Fixed 2 duplicate /gene - ttrS_1 ttrS_2
[10:20:21] Fixed 3 duplicate /gene - bepA_1 bepA_2 bepA_3
[10:20:21] Fixed 3 duplicate /gene - sdcS_1 sdcS_2 sdcS_3
[10:20:21] Fixed 2 duplicate /gene - pykA_1 pykA_2
[10:20:21] Fixed 2 duplicate /gene - purA_1 purA_2
[10:20:21] Fixed 2 duplicate /gene - bdlA_1 bdlA_2
[10:20:21] Fixed 2 duplicate /gene - rlmB_1 rlmB_2
[10:20:21] Fixed 5 duplicate /gene - rhtB_1 rhtB_2 rhtB_3 rhtB_4 rhtB_5
[10:20:21] Fixed 2 duplicate /gene - rarD_1 rarD_2
[10:20:21] Fixed 2 duplicate /gene - cdgJ_1 cdgJ_2
[10:20:21] Fixed 2 duplicate /gene - ydaF_1 ydaF_2
[10:20:21] Fixed 2 duplicate /gene - trpGD_1 trpGD_2
[10:20:21] Fixed 2 duplicate /gene - tyrS_1 tyrS_2
[10:20:21] Fixed 6 duplicate /gene - yidZ_1 yidZ_2 yidZ_3 yidZ_4 yidZ_5 yidZ_6
[10:20:21] Fixed 4 duplicate /gene - oxyR_1 oxyR_2 oxyR_3 oxyR_4
[10:20:21] Fixed 2 duplicate /gene - rsgA_1 rsgA_2
[10:20:21] Fixed 2 duplicate /gene - fliS_1 fliS_2
[10:20:21] Fixed 3 duplicate /gene - argP_1 argP_2 argP_3
[10:20:21] Fixed 8 duplicate /gene - rhaR_1 rhaR_2 rhaR_3 rhaR_4 rhaR_5 rhaR_6 rhaR_7 rhaR_8
[10:20:21] Fixed 10 duplicate /gene - pal_1 pal_2 pal_3 pal_4 pal_5 pal_6 pal_7 pal_8 pal_9 pal_10
[10:20:21] Fixed 2 duplicate /gene - liuE_1 liuE_2
[10:20:21] Fixed 2 duplicate /gene - nhaP2_1 nhaP2_2
[10:20:21] Fixed 2 duplicate /gene - ttgI_1 ttgI_2
[10:20:21] Fixed 3 duplicate /gene - yfcA_1 yfcA_2 yfcA_3
[10:20:21] Fixed 2 duplicate /gene - flgI_1 flgI_2
[10:20:21] Fixed 4 duplicate /gene - acs_1 acs_2 acs_3 acs_4
[10:20:21] Fixed 2 duplicate /gene - crp_1 crp_2
[10:20:21] Fixed 2 duplicate /gene - ligA_1 ligA_2
[10:20:21] Fixed 4 duplicate /gene - rssB_1 rssB_2 rssB_3 rssB_4
[10:20:21] Fixed 2 duplicate /gene - flhA_1 flhA_2
[10:20:21] Fixed 2 duplicate /gene - ybaK_1 ybaK_2
[10:20:21] Fixed 2 duplicate /gene - rpoE_1 rpoE_2
[10:20:21] Fixed 2 duplicate /gene - tyrP_1 tyrP_2
[10:20:21] Fixed 2 duplicate /gene - fdhD_1 fdhD_2
[10:20:21] Fixed 2 duplicate /gene - fabV_1 fabV_2
[10:20:21] Fixed 2 duplicate /gene - dctB_1 dctB_2
[10:20:21] Fixed 3 duplicate /gene - paaF_1 paaF_2 paaF_3
[10:20:21] Fixed 2 duplicate /gene - flgE_1 flgE_2
[10:20:21] Fixed 3 duplicate /gene - bepE_1 bepE_2 bepE_3
[10:20:21] Fixed 4 duplicate /gene - hscA_1 hscA_2 hscA_3 hscA_4
[10:20:21] Fixed 2 duplicate /gene - dsbE_1 dsbE_2
[10:20:21] Fixed 2 duplicate /gene - flgH_1 flgH_2
[10:20:21] Fixed 2 duplicate /gene - hit_1 hit_2
[10:20:21] Fixed 6 duplicate /gene - rhlE_1 rhlE_2 rhlE_3 rhlE_4 rhlE_5 rhlE_6
[10:20:21] Fixed 3 duplicate /gene - nimR_1 nimR_2 nimR_3
[10:20:21] Fixed 5 duplicate /gene - sctC_1 sctC_2 sctC_3 sctC_4 sctC_5
[10:20:21] Fixed 2 duplicate /gene - soj_1 soj_2
[10:20:21] Fixed 2 duplicate /gene - cat_1 cat_2
[10:20:21] Fixed 2 duplicate /gene - smc_1 smc_2
[10:20:21] Fixed 2 duplicate /gene - ydhC_1 ydhC_2
[10:20:21] Fixed 2 duplicate /gene - bsrV_1 bsrV_2
[10:20:21] Fixed 2 duplicate /gene - fadL_1 fadL_2
[10:20:21] Fixed 4 duplicate /gene - macB_1 macB_2 macB_3 macB_4
[10:20:21] Fixed 2 duplicate /gene - chiA_1 chiA_2
[10:20:21] Fixed 2 duplicate /gene - yejM_1 yejM_2
[10:20:21] Fixed 2 duplicate /gene - pdxY_1 pdxY_2
[10:20:21] Fixed 2 duplicate /gene - folK_1 folK_2
[10:20:21] Fixed 5 duplicate /gene - flaD_1 flaD_2 flaD_3 flaD_4 flaD_5
[10:20:21] Fixed 3 duplicate /gene - uspA_1 uspA_2 uspA_3
[10:20:21] Fixed 2 duplicate /gene - gbpA_1 gbpA_2
[10:20:21] Fixed 2 duplicate /gene - dam_1 dam_2
[10:20:21] Fixed 3 duplicate /gene - dctM_1 dctM_2 dctM_3
[10:20:21] Fixed 2 duplicate /gene - chb_1 chb_2
[10:20:21] Fixed 3 duplicate /gene - rnhA_1 rnhA_2 rnhA_3
[10:20:21] Fixed 2 duplicate /gene - polC_1 polC_2
[10:20:21] Fixed 2 duplicate /gene - melR_1 melR_2
[10:20:21] Fixed 3 duplicate /gene - atoC_1 atoC_2 atoC_3
[10:20:21] Fixed 2 duplicate /gene - narL_1 narL_2
[10:20:21] Fixed 3 duplicate /gene - oppB_1 oppB_2 oppB_3
[10:20:21] Fixed 3 duplicate /gene - mshA_1 mshA_2 mshA_3
[10:20:21] Fixed 2 duplicate /gene - atpH_1 atpH_2
[10:20:21] Fixed 3 duplicate /gene - yeeO_1 yeeO_2 yeeO_3
[10:20:21] Fixed 2 duplicate /gene - dpiB_1 dpiB_2
[10:20:21] Fixed 2 duplicate /gene - ppaC_1 ppaC_2
[10:20:21] Fixed 2 duplicate /gene - rsmF_1 rsmF_2
[10:20:21] Fixed 2 duplicate /gene - coaA_1 coaA_2
[10:20:21] Fixed 2 duplicate /gene - thlA_1 thlA_2
[10:20:21] Fixed 2 duplicate /gene - ompU_1 ompU_2
[10:20:21] Fixed 2 duplicate /gene - acdA_1 acdA_2
[10:20:21] Fixed 2 duplicate /gene - tolC_1 tolC_2
[10:20:21] Fixed 2 duplicate /gene - phoB_1 phoB_2
[10:20:21] Fixed 2 duplicate /gene - flgF_1 flgF_2
[10:20:21] Fixed 2 duplicate /gene - dacA_1 dacA_2
[10:20:21] Fixed 3 duplicate /gene - abgT_1 abgT_2 abgT_3
[10:20:21] Fixed 3 duplicate /gene - bepF_1 bepF_2 bepF_3
[10:20:21] Fixed 2 duplicate /gene - sigE_1 sigE_2
[10:20:21] Fixed 6 duplicate /gene - leuO_1 leuO_2 leuO_3 leuO_4 leuO_5 leuO_6
[10:20:21] Fixed 3 duplicate /gene - mepA_1 mepA_2 mepA_3
[10:20:21] Fixed 2 duplicate /gene - acpP_1 acpP_2
[10:20:21] Fixed 2 duplicate /gene - glpG_1 glpG_2
[10:20:21] Fixed 2 duplicate /gene - lolD_1 lolD_2
[10:20:21] Fixed 2 duplicate /gene - ompR_1 ompR_2
[10:20:21] Fixed 2 duplicate /gene - fliE_1 fliE_2
[10:20:21] Fixed 3 duplicate /gene - bepC_1 bepC_2 bepC_3
[10:20:21] Fixed 2 duplicate /gene - prpC_1 prpC_2
[10:20:21] Fixed 2 duplicate /gene - flgC_1 flgC_2
[10:20:21] Fixed 3 duplicate /gene - mdtL_1 mdtL_2 mdtL_3
[10:20:21] Fixed 2 duplicate /gene - epsE_1 epsE_2
[10:20:21] Fixed 2 duplicate /gene - mmsB_1 mmsB_2
[10:20:21] Fixed 2 duplicate /gene - ushA_1 ushA_2
[10:20:21] Fixed 2 duplicate /gene - rppH_1 rppH_2
[10:20:21] Fixed 2 duplicate /gene - cspG_1 cspG_2
[10:20:21] Fixed 2 duplicate /gene - dsbD_1 dsbD_2
[10:20:21] Fixed 2 duplicate /gene - mcpA_1 mcpA_2
[10:20:21] Fixed 2 duplicate /gene - dadA1_1 dadA1_2
[10:20:21] Fixed 2 duplicate /gene - copA_1 copA_2
[10:20:21] Fixed 2 duplicate /gene - galR_1 galR_2
[10:20:21] Fixed 2 duplicate /gene - fliI_1 fliI_2
[10:20:21] Fixed 3 duplicate /gene - menB_1 menB_2 menB_3
[10:20:21] Fixed 2 duplicate /gene - rfbB_1 rfbB_2
[10:20:21] Fixed 2 duplicate /gene - brnQ_1 brnQ_2
[10:20:21] Fixed 2 duplicate /gene - nasD_1 nasD_2
[10:20:21] Fixed 6 duplicate /gene - gcvA_1 gcvA_2 gcvA_3 gcvA_4 gcvA_5 gcvA_6
[10:20:21] Fixed 2 duplicate /gene - ytfJ_1 ytfJ_2
[10:20:21] Fixed 2 duplicate /gene - hutG_1 hutG_2
[10:20:21] Fixed 2 duplicate /gene - trpC_1 trpC_2
[10:20:21] Fixed 2 duplicate /gene - ktrA_1 ktrA_2
[10:20:21] Fixed 2 duplicate /gene - tktA_1 tktA_2
[10:20:21] Fixed 2 duplicate /gene - mprA_1 mprA_2
[10:20:21] Fixed 327 colliding /gene names.
[10:20:21] Adding /locus_tag identifiers
[10:20:21] Assigned 4570 locus_tags to CDS and RNA features.
[10:20:21] Writing outputs to /home/zhuosl/VPML/Genome_annotation/prokka_GCF_000182345.1_ASM18234v1/
[10:20:24] Generating annotation statistics file
[10:20:24] Generating Genbank and Sequin files
[10:20:24] Running: tbl2asn -V b -a r10k -l paired-ends -M n -N 1 -y 'Annotated using prokka 1.14.6 from https://github.com/tseemann/prokka' -Z \/home\/zhuosl\/VPML\/Genome_annotation\/prokka_GCF_000182345\.1_ASM18234v1\/GCF_000182345\.1_ASM18234v1\.err -i \/home\/zhuosl\/VPML\/Genome_annotation\/prokka_GCF_000182345\.1_ASM18234v1\/GCF_000182345\.1_ASM18234v1\.fsa 2> /dev/null
[10:20:35] Deleting unwanted file: /home/zhuosl/VPML/Genome_annotation/prokka_GCF_000182345.1_ASM18234v1/errorsummary.val
[10:20:35] Deleting unwanted file: /home/zhuosl/VPML/Genome_annotation/prokka_GCF_000182345.1_ASM18234v1/GCF_000182345.1_ASM18234v1.dr
[10:20:35] Deleting unwanted file: /home/zhuosl/VPML/Genome_annotation/prokka_GCF_000182345.1_ASM18234v1/GCF_000182345.1_ASM18234v1.fixedproducts
[10:20:35] Deleting unwanted file: /home/zhuosl/VPML/Genome_annotation/prokka_GCF_000182345.1_ASM18234v1/GCF_000182345.1_ASM18234v1.ecn
[10:20:35] Deleting unwanted file: /home/zhuosl/VPML/Genome_annotation/prokka_GCF_000182345.1_ASM18234v1/GCF_000182345.1_ASM18234v1.val
[10:20:35] Repairing broken .GBK output that tbl2asn produces...
[10:20:35] Running: sed 's/COORDINATES: profile/COORDINATES:profile/' < \/home\/zhuosl\/VPML\/Genome_annotation\/prokka_GCF_000182345\.1_ASM18234v1\/GCF_000182345\.1_ASM18234v1\.gbf > \/home\/zhuosl\/VPML\/Genome_annotation\/prokka_GCF_000182345\.1_ASM18234v1\/GCF_000182345\.1_ASM18234v1\.gbk
[10:20:35] Deleting unwanted file: /home/zhuosl/VPML/Genome_annotation/prokka_GCF_000182345.1_ASM18234v1/GCF_000182345.1_ASM18234v1.gbf
[10:20:35] Output files:
[10:20:35] /home/zhuosl/VPML/Genome_annotation/prokka_GCF_000182345.1_ASM18234v1/GCF_000182345.1_ASM18234v1.tsv
[10:20:35] /home/zhuosl/VPML/Genome_annotation/prokka_GCF_000182345.1_ASM18234v1/GCF_000182345.1_ASM18234v1.tbl
[10:20:35] /home/zhuosl/VPML/Genome_annotation/prokka_GCF_000182345.1_ASM18234v1/GCF_000182345.1_ASM18234v1.txt
[10:20:35] /home/zhuosl/VPML/Genome_annotation/prokka_GCF_000182345.1_ASM18234v1/GCF_000182345.1_ASM18234v1.fna
[10:20:35] /home/zhuosl/VPML/Genome_annotation/prokka_GCF_000182345.1_ASM18234v1/GCF_000182345.1_ASM18234v1.gff
[10:20:35] /home/zhuosl/VPML/Genome_annotation/prokka_GCF_000182345.1_ASM18234v1/GCF_000182345.1_ASM18234v1.faa
[10:20:35] /home/zhuosl/VPML/Genome_annotation/prokka_GCF_000182345.1_ASM18234v1/GCF_000182345.1_ASM18234v1.log
[10:20:35] /home/zhuosl/VPML/Genome_annotation/prokka_GCF_000182345.1_ASM18234v1/GCF_000182345.1_ASM18234v1.ffn
[10:20:35] /home/zhuosl/VPML/Genome_annotation/prokka_GCF_000182345.1_ASM18234v1/GCF_000182345.1_ASM18234v1.sqn
[10:20:35] /home/zhuosl/VPML/Genome_annotation/prokka_GCF_000182345.1_ASM18234v1/GCF_000182345.1_ASM18234v1.gbk
[10:20:35] /home/zhuosl/VPML/Genome_annotation/prokka_GCF_000182345.1_ASM18234v1/GCF_000182345.1_ASM18234v1.err
[10:20:35] /home/zhuosl/VPML/Genome_annotation/prokka_GCF_000182345.1_ASM18234v1/GCF_000182345.1_ASM18234v1.fsa
[10:20:35] Annotation finished successfully.
[10:20:35] Walltime used: 8.03 minutes
[10:20:35] If you use this result please cite the Prokka paper:
[10:20:35] Seemann T (2014) Prokka: rapid prokaryotic genome annotation. Bioinformatics. 30(14):2068-9.
[10:20:35] Type 'prokka --citation' for more details.
[10:20:35] Thank you, come again.
